<?xml version="1.0" encoding="UTF-8"?>
<testng-results ignored="0" total="1" passed="1" failed="0" skipped="0">
  <reporter-output>
  </reporter-output>
  <suite started-at="2022-06-24T18:02:37 IST" name="Suite" finished-at="2022-06-24T18:02:41 IST" duration-ms="3602">
    <groups>
    </groups>
    <test started-at="2022-06-24T18:02:37 IST" name="Test" finished-at="2022-06-24T18:02:41 IST" duration-ms="3602">
      <class name="module.Sample">
        <test-method signature="fun()[pri:0, instance:module.Sample@778d1062]" started-at="2022-06-24T18:02:37 IST" name="fun" finished-at="2022-06-24T18:02:41 IST" duration-ms="3528" status="PASS">
          <reporter-output>
          </reporter-output>
        </test-method> <!-- fun -->
      </class> <!-- module.Sample -->
    </test> <!-- Test -->
  </suite> <!-- Suite -->
</testng-results>
