<?xml version="1.0" encoding="UTF-8"?>
<testng-results ignored="0" total="1" passed="1" failed="0" skipped="0">
  <reporter-output>
  </reporter-output>
  <suite started-at="2022-06-24T17:53:23 IST" name="Default suite" finished-at="2022-06-24T17:53:58 IST" duration-ms="34586">
    <groups>
    </groups>
    <test started-at="2022-06-24T17:53:23 IST" name="Default test" finished-at="2022-06-24T17:53:58 IST" duration-ms="34586">
      <class name="module.Sample">
        <test-method signature="fun()[pri:0, instance:module.Sample@71e5f61d]" started-at="2022-06-24T17:53:24 IST" name="fun" finished-at="2022-06-24T17:53:58 IST" duration-ms="34185" status="PASS">
          <reporter-output>
          </reporter-output>
        </test-method> <!-- fun -->
      </class> <!-- module.Sample -->
    </test> <!-- Default test -->
  </suite> <!-- Default suite -->
</testng-results>
